[www.protocolodrlapis.site/index.html]
[www.protocolodrlapis.site/_next/static/media/caa3a2e1cccd8315-s.p.853070df.woff2]
[www.protocolodrlapis.site/images/relogio10minutos-1024x1024.png]
[www.protocolodrlapis.site/images/ate-6cm-1024x1024.png]
[www.protocolodrlapis.site/images/semk-bomba-1024x1024.png]
[www.protocolodrlapis.site/images/totol-controle-1-1024x1024.png]
[www.protocolodrlapis.site/images/erecoes-firmes-1024x1024.png]
[www.protocolodrlapis.site/images/resultados-rapiudos-1-1024x1024.png]
[www.protocolodrlapis.site/images/design-mode/dmartenova-min.png]
[dotadomaximo.com.br/wp-content/uploads/2022/04/seja-malicioso-na-cama-pro-1.png]
[dotadomaximo.com.br/wp-content/uploads/2022/04/a-pscologia-reversa-capa-pro-1.png]
[dotadomaximo.com.br/wp-content/uploads/2022/04/manual-do-homem-moderno-pro-1.png]
[www.protocolodrlapis.site/_next/static/chunks/0a656bcc78e8ac46.css]
[www.protocolodrlapis.site/_next/static/chunks/86f8189d06779899.js]
[www.protocolodrlapis.site/_next/static/chunks/8a80c7f2aa2a8276.js]
[www.protocolodrlapis.site/_next/static/chunks/041b3e0e3c954a8f.js]
[www.protocolodrlapis.site/_next/static/chunks/3fd56f46d5aede3a.js]
[www.protocolodrlapis.site/_next/static/chunks/turbopack-00af2a33cebeb07d.js]
[www.protocolodrlapis.site/_next/static/chunks/1e086dccfb274931.js]
[www.protocolodrlapis.site/_next/static/chunks/7694e6cc91dfcb5e.js]
[www.protocolodrlapis.site/_next/static/chunks/dd97f52f46a40e0d.js]
[dotadomaximo.com.br/wp-content/uploads/2022/04/o-que-nao-fazer-no-primeiro-encontro.png]
[dotadomaximo.com.br/wp-content/uploads/2022/04/como-saber-se-ela-sente-desejo-por-mim-min.png]
[backblue.gif]
[fade.gif]
[index.html]
[dotadomaximo.com.br/wp-content/uploads/2022/04/controle-maximo-mockup-min.png]
[www.protocolodrlapis.site/index.html]
[www.protocolodrlapis.site/_next/static/chunks/a6dad97d9634a72d.js]
[www.protocolodrlapis.site/_next/static/media/8a480f0b521d4e75-s.8e0177b5.woff2]
[www.protocolodrlapis.site/_next/static/media/7178b3e590c64307-s.b97b3418.woff2]
[www.protocolodrlapis.site/_next/static/chunks/0a656bcc78e8ac46.css]
[www.googletagmanager.com/gtm5445.html]
